<?xml version="1.0" encoding="UTF-8"?>
<!-- Generated by org.testng.reporters.JUnitXMLReporter -->
<testsuite ignored="0" hostname="KALAISELVAN" failures="0" tests="5" name="Test2" time="45.971" errors="0" timestamp="09 Jan 2022 08:13:50 GMT">
  <testcase classname="org.test.project.jan06.Projectjan0601" name="login" time="22.495"/>
  <testcase classname="org.test.project.jan06.Projectjan0601" name="booking" time="5.244"/>
  <testcase classname="org.test.project.jan06.Projectjan0601" name="checking" time="4.584"/>
  <testcase classname="org.test.project.jan06.Projectjan0601" name="address" time="3.942"/>
  <testcase classname="org.test.project.jan06.Projectjan0601" name="confirm" time="6.893"/>
</testsuite> <!-- Test2 -->
