<?xml version="1.0" encoding="UTF-8"?>
<!-- Generated by org.testng.reporters.JUnitXMLReporter -->
<testsuite ignored="0" hostname="KALAISELVAN" failures="0" tests="4" name="Default test" time="22.435" errors="0" timestamp="01 Feb 2022 19:34:58 GMT">
  <testcase classname="org.test.insta.Instagram" name="test" time="5.208"/>
  <testcase classname="org.test.insta.Instagram" name="test" time="4.119"/>
  <testcase classname="org.test.insta.Instagram" name="test" time="4.582"/>
  <testcase classname="org.test.insta.Instagram" name="test" time="4.268"/>
</testsuite> <!-- Default test -->
