<?xml version="1.0" encoding="UTF-8"?>
<!-- Generated by org.testng.reporters.JUnitXMLReporter -->
<testsuite ignored="0" hostname="KALAISELVAN" failures="0" tests="5" name="Test1" time="39.382" errors="0" timestamp="06 Jan 2022 16:37:13 GMT">
  <testcase classname="org.test.project.jan06.Projectjan06" name="login" time="15.325"/>
  <testcase classname="org.test.project.jan06.Projectjan06" name="booking" time="5.976"/>
  <testcase classname="org.test.project.jan06.Projectjan06" name="checking" time="4.131"/>
  <testcase classname="org.test.project.jan06.Projectjan06" name="address" time="3.845"/>
  <testcase classname="org.test.project.jan06.Projectjan06" name="confirm" time="6.92"/>
</testsuite> <!-- Test1 -->
