<?xml version="1.0" encoding="UTF-8"?>
<testng-results ignored="0" total="1" passed="1" failed="0" skipped="0">
  <reporter-output>
  </reporter-output>
  <suite started-at="2022-01-31T17:23:35Z" name="Default suite" finished-at="2022-01-31T17:23:46Z" duration-ms="11268">
    <groups>
    </groups>
    <test started-at="2022-01-31T17:23:35Z" name="Default test" finished-at="2022-01-31T17:23:46Z" duration-ms="11268">
      <class name="org.test.amazon.Amazon">
        <test-method is-config="true" signature="beforeClass()[pri:0, instance:org.test.amazon.Amazon@51549490]" started-at="2022-01-31T17:23:35Z" name="beforeClass" finished-at="2022-01-31T17:23:37Z" duration-ms="2317" status="PASS">
          <reporter-output>
          </reporter-output>
        </test-method> <!-- beforeClass -->
        <test-method is-config="true" signature="beforeMethod()[pri:0, instance:org.test.amazon.Amazon@51549490]" started-at="2022-01-31T17:23:37Z" name="beforeMethod" finished-at="2022-01-31T17:23:37Z" duration-ms="1" status="PASS">
          <reporter-output>
          </reporter-output>
        </test-method> <!-- beforeMethod -->
        <test-method signature="test()[pri:0, instance:org.test.amazon.Amazon@51549490]" started-at="2022-01-31T17:23:37Z" name="test" finished-at="2022-01-31T17:23:46Z" duration-ms="8612" status="PASS">
          <reporter-output>
          </reporter-output>
        </test-method> <!-- test -->
        <test-method is-config="true" signature="afterMethod()[pri:0, instance:org.test.amazon.Amazon@51549490]" started-at="2022-01-31T17:23:46Z" name="afterMethod" finished-at="2022-01-31T17:23:46Z" duration-ms="0" status="PASS">
          <reporter-output>
          </reporter-output>
        </test-method> <!-- afterMethod -->
        <test-method is-config="true" signature="afterClass()[pri:0, instance:org.test.amazon.Amazon@51549490]" started-at="2022-01-31T17:23:46Z" name="afterClass" finished-at="2022-01-31T17:23:46Z" duration-ms="307" status="PASS">
          <reporter-output>
          </reporter-output>
        </test-method> <!-- afterClass -->
      </class> <!-- org.test.amazon.Amazon -->
    </test> <!-- Default test -->
  </suite> <!-- Default suite -->
</testng-results>
